<?xml version="1.0" encoding="UTF-8"?>
<!-- Generated by org.testng.reporters.JUnitReportReporter -->
<testsuite skipped="0" hostname="Tecra-R840" name="Test.HotlineTest" tests="3" failures="0" timestamp="12 квіт. 2018 20:38:21 GMT" time="11.947" errors="0">
  <testcase name="changeLanguageTest" time="4.328" classname="Test.HotlineTest"/>
  <testcase name="navigateToPageTest" time="5.340" classname="Test.HotlineTest"/>
  <testcase name="selectProductsTest" time="2.279" classname="Test.HotlineTest"/>
</testsuite> <!-- Test.HotlineTest -->
